<?xml version="1.0" encoding="UTF-8"?>
<!-- Generated by org.testng.reporters.JUnitXMLReporter -->
<testsuite ignored="0" hostname="LAPTOP-AO9106GM" failures="0" tests="0" name="firefoxTest" time="0.427" errors="0" timestamp="2025-03-06T17:10:35 EST">
  <testcase classname="testBase.BaseClass" name="@BeforeClass setUp" time="0.034">
    <failure type="java.lang.NullPointerException" message="Cannot invoke &amp;quot;org.openqa.selenium.WebDriver.manage()&amp;quot; because &amp;quot;testBase.BaseClass.driver&amp;quot; is null">
      <![CDATA[java.lang.NullPointerException: Cannot invoke "org.openqa.selenium.WebDriver.manage()" because "testBase.BaseClass.driver" is null
at testBase.BaseClass.setUp(BaseClass.java:125)
at java.base/java.util.ArrayList.forEach(ArrayList.java:1511)
at java.base/java.util.concurrent.FutureTask.run(FutureTask.java:264)
at java.base/java.util.concurrent.ThreadPoolExecutor.runWorker(ThreadPoolExecutor.java:1136)
at java.base/java.util.concurrent.ThreadPoolExecutor$Worker.run(ThreadPoolExecutor.java:635)
at java.base/java.lang.Thread.run(Thread.java:833)
... Removed 15 stack frames]]>
    </failure>
  </testcase> <!-- @BeforeClass setUp -->
  <testcase classname="testBase.BaseClass" name="@AfterClass tearDown" time="0.0">
    <skipped/>
  </testcase> <!-- @AfterClass tearDown -->
</testsuite> <!-- firefoxTest -->
